9
7
Play it, Sam. Play 'As Time Goes By.'
Casablanca
Agent pid 45
Already up-to-date.
[gh-pages ba12bbf] Update Content
 2 files changed, 7 insertions(+), 1 deletion(-)
 create mode 100644 workday.log
0
7
Not lucky enough
3
7
I'm king of the world!
Titanic
Agent pid 208
Already up-to-date.
[gh-pages 696f363] Bug fix
 2 files changed, 13 insertions(+), 1 deletion(-)
3
7
A census taker once tried to test me. I ate his liver with some fava beans and a nice Chianti.
The Silence of the Lambs
Agent pid 272
Already up-to-date.
[gh-pages 633d6d5] New Release
 2 files changed, 9 insertions(+), 1 deletion(-)
3
7
Mother of mercy, is this the end of Rico?
Little Caesar
Agent pid 336
Already up-to-date.
